<?xml version="1.0" encoding="UTF-8"?>
<testsuite name="APITesting-RestAssureAPIFramework"
           tests="2"
           failures="0"
           errors="0"
           skipped="0"
           time="2.900">
    <properties></properties>



            <testcase
                name="createBookingNegative"
                time="0.508"
                classname="com.bhushanchoudhary.Tests.CRUD.testCreateBookingTest">
            </testcase>
            <testcase
                name="createBooking"
                time="2.392"
                classname="com.bhushanchoudhary.Tests.CRUD.testCreateBookingTest">
            </testcase>
</testsuite>
